number of consumers 192
: Exiting
: Exiting
: Exiting
: Exiting
: Exiting
: Exiting
pi_est  1.551592653589793
pi_est  0.8665926535897932
pi_est  0.47409265358979313
pi_est  0.2978426535897931
pi_est  0.17971765358979308
pi_est  0.14065515358979308
pi_est  0.06112390358979303
pi_est  0.021358278589793223
pi_est  -0.06852453391020674
pre 1.60505859375
: Exiting
: Exiting
: Exiting
: Exiting
: Exiting
: Exiting
: Exiting
: Exiting
: Exiting
: Exiting
: Exiting
: Exiting
: Exiting
: Exiting
: Exiting
: Exiting
: Exiting
: Exiting
: Exiting
: Exiting
: Exiting
: Exiting
: Exiting
: Exiting
