 Steps	Success	Pi est.	Error
10000000	7853391	3.14136	0.00024
Serial Time
0.0064067840576171875
Parallel Time
4.025485515594482
Total running time
4.02639102935791
Proportion
0.9997751053594086
measured 1.0
 Steps	Success	Pi est.	Error
10000000	7852855	3.14114	0.00045
Serial Time
0.00500941276550293
Parallel Time
2.0732553005218506
Total running time
2.0742664337158203
Proportion
0.9995125345628052
measured 1.999025544139163
 Steps	Success	Pi est.	Error
10000000	7855100	3.14204	-0.00045
Serial Time
0.008544683456420898
Parallel Time
1.0249853134155273
Total running time
1.025892972946167
Proportion
0.9991152492954182
measured 3.9894110971627557
 Steps	Success	Pi est.	Error
10000000	7852810	3.14112	0.00047
Serial Time
0.013331413269042969
Parallel Time
0.7450516223907471
Total running time
0.7459802627563477
Proportion
0.9987551408368778
measured 7.930890111411657
 Steps	Success	Pi est.	Error
10000000	7855305	3.14212	-0.00053
Serial Time
0.030862808227539062
Parallel Time
0.5515005588531494
Total running time
0.5524857044219971
Proportion
0.9982168849601669
measured 15.583200414580428
 Steps	Success	Pi est.	Error
10000000	7853999	3.14160	-0.00001
Serial Time
0.05372190475463867
Parallel Time
0.4433097839355469
Total running time
0.4442157745361328
Proportion
0.9979604717965452
measured 30.09709961150461
Hello from a worker
Hello from a worker
Hello from a worker
Hello from a worker
Hello from a worker
Hello from a worker
Hello from a worker
Hello from a worker
Hello from a worker
Hello from a worker
Hello from a worker
Hello from a worker
Hello from a worker
Hello from a worker
Hello from a worker
Hello from a worker
Hello from a worker
Hello from a worker
Hello from a worker
Hello from a worker
Hello from a worker
Hello from a worker
Hello from a worker
Hello from a worker
Hello from a worker
Hello from a worker
Hello from a worker
Hello from a worker
Hello from a worker
Hello from a worker
Hello from a worker
Hello from a worker
Hello from a worker
Hello from a worker
Hello from a worker
Hello from a worker
Hello from a worker
Hello from a worker
Hello from a worker
Hello from a worker
Hello from a worker
Hello from a worker
Hello from a worker
Hello from a worker
Hello from a worker
Hello from a worker
Hello from a worker
Hello from a worker
Hello from a worker
Hello from a worker
Hello from a worker
Hello from a worker
Hello from a worker
Hello from a worker
Hello from a worker
Hello from a worker
Hello from a worker
Hello from a worker
Hello from a worker
Hello from a worker
Hello from a worker
Hello from a worker
