Total variation 452.0320733217636
0.31073713302612305
0.05951094627380371
For k:
1
Parallel Prop
0.979085873886029
Speedup
1.0
Total variation 646.2061024982146
0.3700714111328125
0.09484171867370605
For k:
2
Parallel Prop
0.9835072303394333
Speedup
1.9675496567160549
Total variation 451.5308693083326
0.43044495582580566
0.17194366455078125
For k:
4
Parallel Prop
0.9871991585406212
Speedup
3.852070758779658
Total variation 646.2061024982146
0.6362965106964111
0.2519371509552002
For k:
8
Parallel Prop
0.9908840798809297
Speedup
7.5201296892727845
Total variation 646.8239188799661
1.170762300491333
0.8477787971496582
For k:
16
Parallel Prop
0.9954443916788486
Speedup
14.976587968428559
Total variation 451.5308693083326
1.9162960052490234
1.3871307373046875
For k:
32
Parallel Prop
0.9974239385183352
Speedup
29.633528470945592
